<?xml version="1.0" encoding="UTF-8"?><testrun name="TicTacToeTest (1)" project="GameAssignment" tests="9" started="9" failures="2" errors="0" ignored="0">
  <testsuite name="Package.TicTacToeTest" time="0.01" displayname="TicTacToeTest" uniqueid="[engine:junit-jupiter]/[class:Package.TicTacToeTest]">
    <testcase name="testDraw" classname="Package.TicTacToeTest" time="0.0" displayname="testDraw()" uniqueid="[engine:junit-jupiter]/[class:Package.TicTacToeTest]/[method:testDraw()]"/>
    <testcase name="testWinInDiagonal" classname="Package.TicTacToeTest" time="0.0" displayname="testWinInDiagonal()" uniqueid="[engine:junit-jupiter]/[class:Package.TicTacToeTest]/[method:testWinInDiagonal()]"/>
    <testcase name="testPlayOnOccupiedSpot" classname="Package.TicTacToeTest" time="0.0" displayname="testPlayOnOccupiedSpot()" uniqueid="[engine:junit-jupiter]/[class:Package.TicTacToeTest]/[method:testPlayOnOccupiedSpot()]">
      <failure>org.opentest4j.AssertionFailedError: Expected java.lang.IllegalStateException to be thrown, but nothing was thrown.&#13;
	at org.junit.jupiter.api.AssertionFailureBuilder.build(AssertionFailureBuilder.java:152)&#13;
	at org.junit.jupiter.api.AssertThrows.assertThrows(AssertThrows.java:73)&#13;
	at org.junit.jupiter.api.AssertThrows.assertThrows(AssertThrows.java:35)&#13;
	at org.junit.jupiter.api.Assertions.assertThrows(Assertions.java:3115)&#13;
	at Package.TicTacToeTest.testPlayOnOccupiedSpot(TicTacToeTest.java:45)&#13;
	at java.lang.reflect.Method.invoke(Unknown Source)&#13;
	at java.util.ArrayList.forEach(Unknown Source)&#13;
	at java.util.ArrayList.forEach(Unknown Source)&#13;
&#13;
</failure>
    </testcase>
    <testcase name="testWinInColumn" classname="Package.TicTacToeTest" time="0.001" displayname="testWinInColumn()" uniqueid="[engine:junit-jupiter]/[class:Package.TicTacToeTest]/[method:testWinInColumn()]"/>
    <testcase name="testWinInRow" classname="Package.TicTacToeTest" time="0.0" displayname="testWinInRow()" uniqueid="[engine:junit-jupiter]/[class:Package.TicTacToeTest]/[method:testWinInRow()]"/>
    <testcase name="testBoardInitialization" classname="Package.TicTacToeTest" time="0.0" displayname="testBoardInitialization()" uniqueid="[engine:junit-jupiter]/[class:Package.TicTacToeTest]/[method:testBoardInitialization()]"/>
    <testcase name="testPlayOutOfBounds" classname="Package.TicTacToeTest" time="0.0" displayname="testPlayOutOfBounds()" uniqueid="[engine:junit-jupiter]/[class:Package.TicTacToeTest]/[method:testPlayOutOfBounds()]">
      <failure>org.opentest4j.AssertionFailedError: Expected java.lang.IllegalArgumentException to be thrown, but nothing was thrown.&#13;
	at org.junit.jupiter.api.AssertionFailureBuilder.build(AssertionFailureBuilder.java:152)&#13;
	at org.junit.jupiter.api.AssertThrows.assertThrows(AssertThrows.java:73)&#13;
	at org.junit.jupiter.api.AssertThrows.assertThrows(AssertThrows.java:35)&#13;
	at org.junit.jupiter.api.Assertions.assertThrows(Assertions.java:3115)&#13;
	at Package.TicTacToeTest.testPlayOutOfBounds(TicTacToeTest.java:38)&#13;
	at java.lang.reflect.Method.invoke(Unknown Source)&#13;
	at java.util.ArrayList.forEach(Unknown Source)&#13;
	at java.util.ArrayList.forEach(Unknown Source)&#13;
&#13;
</failure>
    </testcase>
    <testcase name="testPlayValidMove" classname="Package.TicTacToeTest" time="0.0" displayname="testPlayValidMove()" uniqueid="[engine:junit-jupiter]/[class:Package.TicTacToeTest]/[method:testPlayValidMove()]"/>
    <testcase name="testCurrentPlayerInitialization" classname="Package.TicTacToeTest" time="0.008" displayname="testCurrentPlayerInitialization()" uniqueid="[engine:junit-jupiter]/[class:Package.TicTacToeTest]/[method:testCurrentPlayerInitialization()]"/>
  </testsuite>
</testrun>
